<?xml version="1.0" encoding="UTF-8"?>
<!-- Generated by org.testng.reporters.JUnitReportReporter -->
<testsuite hostname="DESKTOP-NB60TP2" failures="0" tests="2" name="encryptionAndDecryption.AESEncryptedDecryptedTest" time="1.222" errors="0" timestamp="2025-01-31T12:21:31 IST" skipped="0">
  <testcase classname="encryptionAndDecryption.AESEncryptedDecryptedTest" name="encryptDecryptSampleTest" time="0.005"/>
  <testcase classname="encryptionAndDecryption.AESEncryptedDecryptedTest" name="encryptDecryptJsonValueTest" time="1.217"/>
</testsuite> <!-- encryptionAndDecryption.AESEncryptedDecryptedTest -->
