<?xml version="1.0" encoding="UTF-8"?>
<!-- Generated by org.testng.reporters.JUnitReportReporter -->
<testsuite hostname="DESKTOP-NB60TP2" failures="0" tests="1" name="authenticationAndAuthrizationTest.PreEmptitveAuthenticationTest" time="2.890" errors="0" timestamp="2025-01-30T16:12:07 IST" skipped="0">
  <testcase classname="authenticationAndAuthrizationTest.PreEmptitveAuthenticationTest" name="preEmptiveAuthenticationTest" time="2.890"/>
</testsuite> <!-- authenticationAndAuthrizationTest.PreEmptitveAuthenticationTest -->
