<?xml version="1.0" encoding="UTF-8"?>
<!-- Generated by org.testng.reporters.JUnitReportReporter -->
<testsuite hostname="DESKTOP-NB60TP2" failures="0" tests="1" name="typesOfParameter.ParamParameterTest" time="2.675" errors="0" timestamp="2025-01-30T15:18:17 IST" skipped="0">
  <testcase classname="typesOfParameter.ParamParameterTest" name="queryParameterTest" time="2.675"/>
</testsuite> <!-- typesOfParameter.ParamParameterTest -->
