<?xml version="1.0" encoding="UTF-8"?>
<!-- Generated by org.testng.reporters.JUnitReportReporter -->
<testsuite hostname="DESKTOP-NB60TP2" failures="0" tests="1" name="requestChaining.Scenario3_GetPayrolViaAuth" time="6.101" errors="0" timestamp="2025-01-29T17:36:34 IST" skipped="0">
  <testcase classname="requestChaining.Scenario3_GetPayrolViaAuth" name="GetPayrollInfoTest" time="6.101"/>
</testsuite> <!-- requestChaining.Scenario3_GetPayrolViaAuth -->
