<?xml version="1.0" encoding="UTF-8"?>
<!-- Generated by org.testng.reporters.JUnitReportReporter -->
<testsuite hostname="DESKTOP-NB60TP2" failures="0" tests="1" name="runnerClassTestingPackage.RunnerClass_StaticImport" time="0.013" errors="0" timestamp="2025-01-24T16:10:42 IST" skipped="0">
  <testcase classname="runnerClassTestingPackage.RunnerClass_StaticImport" name="reunnerTest" time="0.013"/>
</testsuite> <!-- runnerClassTestingPackage.RunnerClass_StaticImport -->
