<?xml version="1.0" encoding="UTF-8"?>
<!-- Generated by org.testng.reporters.JUnitReportReporter -->
<testsuite hostname="DESKTOP-NB60TP2" failures="0" tests="1" name="requestChaining.Scenario2_AddEmployee" time="4.785" errors="0" timestamp="2025-01-29T14:54:36 IST" skipped="0">
  <testcase classname="requestChaining.Scenario2_AddEmployee" name="AddEmployeeTest" time="4.785"/>
</testsuite> <!-- requestChaining.Scenario2_AddEmployee -->
