<?xml version="1.0" encoding="UTF-8"?>
<!-- Generated by org.testng.reporters.JUnitReportReporter -->
<testsuite hostname="DESKTOP-NB60TP2" failures="0" tests="1" name="restAssuredAssertion.VerifyResponseHeader" time="3.087" errors="0" timestamp="2025-01-28T13:26:12 IST" skipped="0">
  <testcase classname="restAssuredAssertion.VerifyResponseHeader" name="verifyResponseHeaderTest" time="3.087"/>
</testsuite> <!-- restAssuredAssertion.VerifyResponseHeader -->
