<?xml version="1.0" encoding="UTF-8"?>
<!-- Generated by org.testng.reporters.JUnitReportReporter -->
<testsuite hostname="DESKTOP-NB60TP2" failures="0" tests="1" name="dataMocking.CreditCardMockingSolution_PaymentTest" time="5.519" errors="0" timestamp="2025-02-03T15:11:01 IST" skipped="0">
  <testcase classname="dataMocking.CreditCardMockingSolution_PaymentTest" name="paymentTest" time="5.519"/>
</testsuite> <!-- dataMocking.CreditCardMockingSolution_PaymentTest -->
