<?xml version="1.0" encoding="UTF-8"?>
<!-- Generated by org.testng.reporters.JUnitReportReporter -->
<testsuite hostname="DESKTOP-NB60TP2" failures="0" tests="1" name="typesOfParameter.FormParameterTest" time="2.802" errors="0" timestamp="2025-01-30T15:14:11 IST" skipped="0">
  <testcase classname="typesOfParameter.FormParameterTest" name="queryParameterTest" time="2.802"/>
</testsuite> <!-- typesOfParameter.FormParameterTest -->
