<?xml version="1.0" encoding="UTF-8"?>
<!-- Generated by org.testng.reporters.JUnitReportReporter -->
<testsuite hostname="DESKTOP-NB60TP2" failures="0" tests="1" name="complexPostRequest.PostReq_POJOClass" time="3.490" errors="0" timestamp="2025-01-28T12:59:35 IST" skipped="0">
  <testcase classname="complexPostRequest.PostReq_POJOClass" name="AddProjectTest" time="3.490"/>
</testsuite> <!-- complexPostRequest.PostReq_POJOClass -->
