<?xml version="1.0" encoding="UTF-8"?>
<!-- Generated by org.testng.reporters.JUnitReportReporter -->
<testsuite hostname="DESKTOP-NB60TP2" failures="0" tests="1" name="requestChaining.Scenario1_DeleteProjectTest" time="4.437" errors="0" timestamp="2025-01-29T14:37:12 IST" skipped="0">
  <testcase classname="requestChaining.Scenario1_DeleteProjectTest" name="AddProjectTest" time="4.437"/>
</testsuite> <!-- requestChaining.Scenario1_DeleteProjectTest -->
