<?xml version="1.0" encoding="UTF-8"?>
<!-- Generated by org.testng.reporters.JUnitReportReporter -->
<testsuite hostname="DESKTOP-NB60TP2" failures="0" tests="1" name="practicePackage.PracticeClass" time="6.141" errors="0" timestamp="2025-01-24T17:20:12 IST" skipped="0">
  <testcase classname="practicePackage.PracticeClass" name="practiceTest" time="6.141"/>
</testsuite> <!-- practicePackage.PracticeClass -->
