<?xml version="1.0" encoding="UTF-8"?>
<!-- Generated by org.testng.reporters.JUnitReportReporter -->
<testsuite hostname="DESKTOP-NB60TP2" failures="0" tests="1" name="miscellaneousTopics.UploadImage" time="3.663" errors="0" timestamp="2025-02-05T16:11:37 IST" skipped="0">
  <testcase classname="miscellaneousTopics.UploadImage" name="uploadImageTest" time="3.663"/>
</testsuite> <!-- miscellaneousTopics.UploadImage -->
