<?xml version="1.0" encoding="UTF-8"?>
<!-- Generated by org.testng.reporters.JUnitReportReporter -->
<testsuite hostname="DESKTOP-NB60TP2" failures="0" tests="1" name="typesOfParameter.PathParameter" time="4.280" errors="0" timestamp="2025-01-30T14:46:29 IST" skipped="0">
  <testcase classname="typesOfParameter.PathParameter" name="pathParameterTest" time="4.280"/>
</testsuite> <!-- typesOfParameter.PathParameter -->
