<?xml version="1.0" encoding="UTF-8"?>
<!-- Generated by org.testng.reporters.JUnitReportReporter -->
<testsuite hostname="DESKTOP-NB60TP2" failures="0" tests="1" name="complexPostRequest.PostReq_JSONFile" time="5.308" errors="0" timestamp="2025-01-28T12:42:34 IST" skipped="0">
  <testcase classname="complexPostRequest.PostReq_JSONFile" name="AddProjectTest" time="5.308"/>
</testsuite> <!-- complexPostRequest.PostReq_JSONFile -->
