<?xml version="1.0" encoding="UTF-8"?>
<!-- Generated by org.testng.reporters.JUnitReportReporter -->
<testsuite hostname="DESKTOP-NB60TP2" failures="0" tests="1" name="practicePackage.PracticeAuthentication_COOPSApi" time="4.770" errors="0" timestamp="2025-01-29T15:58:28 IST" skipped="0">
  <testcase classname="practicePackage.PracticeAuthentication_COOPSApi" name="auth" time="4.770"/>
</testsuite> <!-- practicePackage.PracticeAuthentication_COOPSApi -->
