<?xml version="1.0" encoding="UTF-8"?>
<!-- Generated by org.testng.reporters.JUnitReportReporter -->
<testsuite hostname="DESKTOP-NB60TP2" failures="0" tests="15" name="dataDrivenTesting.AddMultipleProjectTest_ExcelUtility" time="4.205" errors="0" timestamp="2025-01-31T18:08:53 IST" skipped="0">
  <testcase classname="dataDrivenTesting.AddMultipleProjectTest_ExcelUtility" name="addMultipleProjectTest" time="3.718"/>
  <testcase classname="dataDrivenTesting.AddMultipleProjectTest_ExcelUtility" name="addMultipleProjectTest" time="0.029"/>
  <testcase classname="dataDrivenTesting.AddMultipleProjectTest_ExcelUtility" name="addMultipleProjectTest" time="0.034"/>
  <testcase classname="dataDrivenTesting.AddMultipleProjectTest_ExcelUtility" name="addMultipleProjectTest" time="0.031"/>
  <testcase classname="dataDrivenTesting.AddMultipleProjectTest_ExcelUtility" name="addMultipleProjectTest" time="0.042"/>
  <testcase classname="dataDrivenTesting.AddMultipleProjectTest_ExcelUtility" name="addMultipleProjectTest" time="0.027"/>
  <testcase classname="dataDrivenTesting.AddMultipleProjectTest_ExcelUtility" name="addMultipleProjectTest" time="0.032"/>
  <testcase classname="dataDrivenTesting.AddMultipleProjectTest_ExcelUtility" name="addMultipleProjectTest" time="0.026"/>
  <testcase classname="dataDrivenTesting.AddMultipleProjectTest_ExcelUtility" name="addMultipleProjectTest" time="0.036"/>
  <testcase classname="dataDrivenTesting.AddMultipleProjectTest_ExcelUtility" name="addMultipleProjectTest" time="0.047"/>
  <testcase classname="dataDrivenTesting.AddMultipleProjectTest_ExcelUtility" name="addMultipleProjectTest" time="0.034"/>
  <testcase classname="dataDrivenTesting.AddMultipleProjectTest_ExcelUtility" name="addMultipleProjectTest" time="0.034"/>
  <testcase classname="dataDrivenTesting.AddMultipleProjectTest_ExcelUtility" name="addMultipleProjectTest" time="0.036"/>
  <testcase classname="dataDrivenTesting.AddMultipleProjectTest_ExcelUtility" name="addMultipleProjectTest" time="0.041"/>
  <testcase classname="dataDrivenTesting.AddMultipleProjectTest_ExcelUtility" name="addMultipleProjectTest" time="0.038"/>
</testsuite> <!-- dataDrivenTesting.AddMultipleProjectTest_ExcelUtility -->
