<?xml version="1.0" encoding="UTF-8"?>
<!-- Generated by org.testng.reporters.JUnitReportReporter -->
<testsuite hostname="DESKTOP-NB60TP2" failures="0" tests="4" name="miscellaneousTopics.QueryQLExcution" time="3.824" errors="0" timestamp="2025-02-05T15:48:43 IST" skipped="0">
  <testcase classname="miscellaneousTopics.QueryQLExcution" name="getAllProject" time="0.551"/>
  <testcase classname="miscellaneousTopics.QueryQLExcution" name="addProject" time="2.971"/>
  <testcase classname="miscellaneousTopics.QueryQLExcution" name="updateProject" time="0.110"/>
  <testcase classname="miscellaneousTopics.QueryQLExcution" name="getProjectByProjectID" time="0.192"/>
</testsuite> <!-- miscellaneousTopics.QueryQLExcution -->
