<?xml version="1.0" encoding="UTF-8"?>
<!-- Generated by org.testng.reporters.JUnitReportReporter -->
<testsuite hostname="DESKTOP-NB60TP2" failures="0" tests="1" name="miscellaneousTopics.DataMasking" time="6.735" errors="0" timestamp="2025-02-05T15:56:56 IST" skipped="0">
  <testcase classname="miscellaneousTopics.DataMasking" name="dataMasking" time="6.735"/>
</testsuite> <!-- miscellaneousTopics.DataMasking -->
