<?xml version="1.0" encoding="UTF-8"?>
<!-- Generated by org.testng.reporters.JUnitReportReporter -->
<testsuite hostname="DESKTOP-NB60TP2" failures="0" tests="1" name="typesOfParameter.QueryParameterTest" time="3.139" errors="0" timestamp="2025-01-30T15:11:33 IST" skipped="0">
  <testcase classname="typesOfParameter.QueryParameterTest" name="queryParameterTest" time="3.139"/>
</testsuite> <!-- typesOfParameter.QueryParameterTest -->
