<?xml version="1.0" encoding="UTF-8"?>
<!-- Generated by org.testng.reporters.JUnitReportReporter -->
<testsuite hostname="DESKTOP-NB60TP2" failures="0" tests="1" name="mock.MockTest" time="8.409" errors="0" timestamp="2025-02-06T13:14:07 IST" skipped="0">
  <testcase classname="mock.MockTest" name="generateToken" time="8.409"/>
</testsuite> <!-- mock.MockTest -->
