<?xml version="1.0" encoding="UTF-8"?>
<!-- Generated by org.testng.reporters.JUnitReportReporter -->
<testsuite hostname="DESKTOP-NB60TP2" failures="0" tests="1" name="typesOfParameter.PathParameterTest" time="2.687" errors="0" timestamp="2025-01-30T17:59:49 IST" skipped="0">
  <testcase classname="typesOfParameter.PathParameterTest" name="pathParameterTest" time="2.687"/>
</testsuite> <!-- typesOfParameter.PathParameterTest -->
