<?xml version="1.0" encoding="UTF-8"?>
<!-- Generated by org.testng.reporters.JUnitReportReporter -->
<testsuite hostname="DESKTOP-NB60TP2" failures="0" tests="1" name="restAssuredAssertion.VerifyResponseTime" time="3.224" errors="0" timestamp="2025-01-28T14:47:00 IST" skipped="0">
  <testcase classname="restAssuredAssertion.VerifyResponseTime" name="verifyResponseHeaderTest" time="3.224"/>
</testsuite> <!-- restAssuredAssertion.VerifyResponseTime -->
