<?xml version="1.0" encoding="UTF-8"?>
<!-- Generated by org.testng.reporters.JUnitReportReporter -->
<testsuite hostname="DESKTOP-NB60TP2" failures="0" tests="1" name="authenticationAndAuthrizationTest.Oauth2ProtocolAuthenticationTest" time="4.411" errors="0" timestamp="2025-01-30T18:00:31 IST" skipped="0">
  <testcase classname="authenticationAndAuthrizationTest.Oauth2ProtocolAuthenticationTest" name="auth" time="4.411"/>
</testsuite> <!-- authenticationAndAuthrizationTest.Oauth2ProtocolAuthenticationTest -->
