<?xml version="1.0" encoding="UTF-8"?>
<!-- Generated by org.testng.reporters.JUnitReportReporter -->
<testsuite hostname="DESKTOP-NB60TP2" failures="0" tests="1" name="crudOperation_withBDD.GetAllProjectsTest" time="3.600" errors="0" timestamp="2025-01-31T12:27:21 IST" skipped="0">
  <testcase classname="crudOperation_withBDD.GetAllProjectsTest" name="getAllProjectTest" time="3.600"/>
</testsuite> <!-- crudOperation_withBDD.GetAllProjectsTest -->
