<?xml version="1.0" encoding="UTF-8"?>
<!-- Generated by org.testng.reporters.JUnitReportReporter -->
<testsuite hostname="DESKTOP-NB60TP2" failures="0" tests="1" name="encryptionAndDecryption.BasicBase64_EncodingAndDecoding_APITest" time="8.826" errors="0" timestamp="2025-01-31T12:27:03 IST" skipped="0">
  <testcase classname="encryptionAndDecryption.BasicBase64_EncodingAndDecoding_APITest" name="encodingAndDecodingTest" time="8.826"/>
</testsuite> <!-- encryptionAndDecryption.BasicBase64_EncodingAndDecoding_APITest -->
