<?xml version="1.0" encoding="UTF-8"?>
<!-- Generated by org.testng.reporters.JUnitReportReporter -->
<testsuite hostname="DESKTOP-NB60TP2" failures="0" tests="1" name="sampleTestingPackage.RunnerClass_MethodChaining1" time="0.037" errors="0" timestamp="2025-01-24T13:58:34 IST" skipped="0">
  <testcase classname="sampleTestingPackage.RunnerClass_MethodChaining1" name="methodChainingTest" time="0.037"/>
</testsuite> <!-- sampleTestingPackage.RunnerClass_MethodChaining1 -->
