<?xml version="1.0" encoding="UTF-8"?>
<!-- Generated by org.testng.reporters.JUnitReportReporter -->
<testsuite hostname="DESKTOP-NB60TP2" failures="0" tests="1" name="runnerClassTestingPackage.SampleTest" time="2.901" errors="0" timestamp="2025-01-24T16:02:30 IST" skipped="0">
  <testcase classname="runnerClassTestingPackage.SampleTest" name="sampleGetReqTest" time="2.901"/>
</testsuite> <!-- runnerClassTestingPackage.SampleTest -->
