<?xml version="1.0" encoding="UTF-8"?>
<!-- Generated by org.testng.reporters.JUnitReportReporter -->
<testsuite hostname="DESKTOP-NB60TP2" failures="0" tests="1" name="validationViaAssertion.VerifyResponseBody_JSONPathTool" time="6.736" errors="0" timestamp="2025-01-29T10:26:49 IST" skipped="0">
  <testcase classname="validationViaAssertion.VerifyResponseBody_JSONPathTool" name="verifyResponseHeaderTest" time="6.736"/>
</testsuite> <!-- validationViaAssertion.VerifyResponseBody_JSONPathTool -->
