<?xml version="1.0" encoding="UTF-8"?>
<!-- Generated by org.testng.reporters.JUnitReportReporter -->
<testsuite hostname="DESKTOP-NB60TP2" failures="0" tests="1" name="practicePackage.MethodChainingTest" time="10.117" errors="0" timestamp="2025-01-24T17:37:02 IST" skipped="0">
  <testcase classname="practicePackage.MethodChainingTest" name="getRequestTest" time="10.117"/>
</testsuite> <!-- practicePackage.MethodChainingTest -->
