<?xml version="1.0" encoding="UTF-8"?>
<!-- Generated by org.testng.reporters.JUnitReportReporter -->
<testsuite hostname="DESKTOP-NB60TP2" failures="0" tests="1" name="requestChaining.Scenario4_DeleteFirstProject" time="4.142" errors="0" timestamp="2025-01-29T17:44:10 IST" skipped="0">
  <testcase classname="requestChaining.Scenario4_DeleteFirstProject" name="DeleteProjectTest" time="4.142"/>
</testsuite> <!-- requestChaining.Scenario4_DeleteFirstProject -->
