<?xml version="1.0" encoding="UTF-8"?>
<!-- Generated by org.testng.reporters.JUnitReportReporter -->
<testsuite hostname="DESKTOP-NB60TP2" failures="0" tests="1" name="encryptionAndDecryption.BasicBase64_EncodingDecodingTest" time="0.019" errors="0" timestamp="2025-01-31T10:21:35 IST" skipped="0">
  <testcase classname="encryptionAndDecryption.BasicBase64_EncodingDecodingTest" name="encodedAndDecodeTest" time="0.019"/>
</testsuite> <!-- encryptionAndDecryption.BasicBase64_EncodingDecodingTest -->
