<?xml version="1.0" encoding="UTF-8"?>
<!-- Generated by org.testng.reporters.JUnitReportReporter -->
<testsuite hostname="DESKTOP-NB60TP2" failures="0" tests="1" name="authenticationAndAuthrizationTest.DigestiveAuthenticationTest" time="3.173" errors="0" timestamp="2025-01-30T16:08:58 IST" skipped="0">
  <testcase classname="authenticationAndAuthrizationTest.DigestiveAuthenticationTest" name="digestiveAuthenticationTest" time="3.173"/>
</testsuite> <!-- authenticationAndAuthrizationTest.DigestiveAuthenticationTest -->
