<?xml version="1.0" encoding="UTF-8"?>
<!-- Generated by org.testng.reporters.JUnitReportReporter -->
<testsuite hostname="DESKTOP-NB60TP2" failures="0" tests="1" name="authenticationAndAuthrizationTest.BearerTokenAuthenticationTest" time="7.044" errors="0" timestamp="2025-01-30T17:39:01 IST" skipped="0">
  <testcase classname="authenticationAndAuthrizationTest.BearerTokenAuthenticationTest" name="bearerTokenAuthenticationTest" time="7.044"/>
</testsuite> <!-- authenticationAndAuthrizationTest.BearerTokenAuthenticationTest -->
