<?xml version="1.0" encoding="UTF-8"?>
<!-- Generated by org.testng.reporters.JUnitReportReporter -->
<testsuite hostname="DESKTOP-NB60TP2" failures="0" tests="3" name="dataDrivenTesting.AddMultipleProjectTest" time="5.655" errors="0" timestamp="2025-01-31T17:43:18 IST" skipped="0">
  <testcase classname="dataDrivenTesting.AddMultipleProjectTest" name="addMultipleProjectTest" time="5.525"/>
  <testcase classname="dataDrivenTesting.AddMultipleProjectTest" name="addMultipleProjectTest" time="0.037"/>
  <testcase classname="dataDrivenTesting.AddMultipleProjectTest" name="addMultipleProjectTest" time="0.093"/>
</testsuite> <!-- dataDrivenTesting.AddMultipleProjectTest -->
