<?xml version="1.0" encoding="UTF-8"?>
<!-- Generated by org.testng.reporters.JUnitReportReporter -->
<testsuite hostname="DESKTOP-NB60TP2" failures="0" tests="1" name="validationViaAssertion.VerifyResponseBody_complexJsonXPath" time="3.759" errors="0" timestamp="2025-01-29T14:02:13 IST" skipped="0">
  <testcase classname="validationViaAssertion.VerifyResponseBody_complexJsonXPath" name="verifyResponseBodyTest" time="3.759"/>
</testsuite> <!-- validationViaAssertion.VerifyResponseBody_complexJsonXPath -->
