<?xml version="1.0" encoding="UTF-8"?>
<!-- Generated by org.testng.reporters.JUnitReportReporter -->
<testsuite hostname="DESKTOP-NB60TP2" failures="0" tests="1" name="authenticationAndAuthrizationTest.BasicAuthenticationTest" time="2.843" errors="0" timestamp="2025-01-30T16:06:24 IST" skipped="0">
  <testcase classname="authenticationAndAuthrizationTest.BasicAuthenticationTest" name="basicAuthenticationTest" time="2.843"/>
</testsuite> <!-- authenticationAndAuthrizationTest.BasicAuthenticationTest -->
