<?xml version="1.0" encoding="UTF-8"?>
<!-- Generated by org.testng.reporters.JUnitReportReporter -->
<testsuite hostname="DESKTOP-NB60TP2" failures="0" tests="1" name="restAssuredAssertion.VerifyResponseBody_JSONPath" time="4.664" errors="0" timestamp="2025-01-28T15:46:42 IST" skipped="0">
  <testcase classname="restAssuredAssertion.VerifyResponseBody_JSONPath" name="verifyResponseHeaderTest" time="4.664"/>
</testsuite> <!-- restAssuredAssertion.VerifyResponseBody_JSONPath -->
